{
  "stats": {
    "suites": 1,
    "tests": 1,
    "passes": 1,
    "pending": 0,
    "failures": 0,
    "start": "2024-08-29T11:09:25.159Z",
    "end": "2024-08-29T11:09:35.248Z",
    "duration": 10089,
    "testsRegistered": 1,
    "passPercent": 100,
    "pendingPercent": 0,
    "other": 0,
    "hasOther": false,
    "skipped": 0,
    "hasSkipped": false
  },
  "results": [
    {
      "uuid": "bad24f93-623a-4594-8004-b6408300c78a",
      "title": "",
      "fullFile": "cypress\\integration\\examples\\02 Cash Deposit.js",
      "file": "cypress\\integration\\examples\\02 Cash Deposit.js",
      "beforeHooks": [],
      "afterHooks": [],
      "tests": [],
      "suites": [
        {
          "uuid": "70fcc9a1-b9a0-4d7c-95c7-692fcdb6fe37",
          "title": "Cash Deposit Test Suite",
          "fullFile": "",
          "file": "",
          "beforeHooks": [],
          "afterHooks": [],
          "tests": [
            {
              "title": "Cash Deposit Within Test Limit",
              "fullTitle": "Cash Deposit Test Suite Cash Deposit Within Test Limit",
              "timedOut": null,
              "duration": 8838,
              "state": "passed",
              "speed": "medium",
              "pass": true,
              "fail": false,
              "pending": false,
              "context": null,
              "code": "cy.tellerLogin();",
              "err": {},
              "uuid": "109ab7d5-88e1-4ede-ac9a-99ebe198d514",
              "parentUUID": "70fcc9a1-b9a0-4d7c-95c7-692fcdb6fe37",
              "isHook": false,
              "skipped": false
            }
          ],
          "suites": [],
          "passes": [
            "109ab7d5-88e1-4ede-ac9a-99ebe198d514"
          ],
          "failures": [],
          "pending": [],
          "skipped": [],
          "duration": 8838,
          "root": false,
          "rootEmpty": false,
          "_timeout": 2000
        }
      ],
      "passes": [],
      "failures": [],
      "pending": [],
      "skipped": [],
      "duration": 0,
      "root": true,
      "rootEmpty": true,
      "_timeout": 2000
    }
  ],
  "meta": {
    "mocha": {
      "version": "7.0.1"
    },
    "mochawesome": {
      "options": {
        "quiet": false,
        "reportFilename": "mochawesome",
        "saveHtml": true,
        "saveJson": true,
        "consoleReporter": "spec",
        "useInlineDiffs": false,
        "code": true
      },
      "version": "7.1.3"
    },
    "marge": {
      "options": {
        "reportDir": "cypress/reports",
        "overwrite": true,
        "html": true,
        "json": true,
        "timestamp": "mmddyyyy_HHMMss"
      },
      "version": "6.2.0"
    }
  }
}